Start testing: Sep 14 22:07 中国标准时间
----------------------------------------------------------
1/1 Testing: testM
1/1 Test: testM
Command: "C:/vscode-workplace/c/pj1/build/test/TestM.exe"
Directory: C:/vscode-workplace/c/pj1/build/test
"testM" start time: Sep 14 22:07 中国标准时间
Output:
----------------------------------------------------------
189
<end of output>
Test time =   0.08 sec
----------------------------------------------------------
Test Passed.
"testM" end time: Sep 14 22:07 中国标准时间
"testM" time elapsed: 00:00:00
----------------------------------------------------------

End testing: Sep 14 22:07 中国标准时间
